<?xml version="1.0" encoding="UTF-8"?>
<!-- Generated by org.testng.reporters.JUnitReportReporter -->
<testsuite skipped="0" hostname="admin1-LIVA-Z2V" name="com.bridgelabz.selenium.LinkedInAutomation.LinkedInTest" tests="1" failures="0" timestamp="11 Dec 2019 13:08:05 GMT" time="53.922" errors="0">
  <testcase name="linkedInTest" time="53.922" classname="com.bridgelabz.selenium.LinkedInAutomation.LinkedInTest"/>
</testsuite> <!-- com.bridgelabz.selenium.LinkedInAutomation.LinkedInTest -->
